<?xml version="1.0" encoding="UTF-8"?>
<testng-results ignored="0" total="1" passed="1" failed="0" skipped="0">
  <reporter-output>
  </reporter-output>
  <suite started-at="2024-03-12T13:17:56 IST" name="Surefire suite" finished-at="2024-03-12T13:18:08 IST" duration-ms="12143">
    <groups>
      <group name="cucumber">
        <method signature="AbstractTestNGCucumberTests.runScenario(io.cucumber.testng.PickleWrapper, io.cucumber.testng.FeatureWrapper)[pri:0, instance:runner.loginrunner@b7f23d9]" name="runScenario" class="io.cucumber.testng.AbstractTestNGCucumberTests"/>
      </group> <!-- cucumber -->
    </groups>
    <test started-at="2024-03-12T13:17:56 IST" name="Surefire test" finished-at="2024-03-12T13:18:08 IST" duration-ms="12143">
      <class name="runner.loginrunner">
        <test-method is-config="true" signature="setUpClass()[pri:0, instance:runner.loginrunner@b7f23d9]" started-at="2024-03-12T13:17:56 IST" name="setUpClass" finished-at="2024-03-12T13:17:56 IST" duration-ms="258" status="PASS">
          <reporter-output>
          </reporter-output>
        </test-method> <!-- setUpClass -->
        <test-method signature="runScenario(io.cucumber.testng.PickleWrapper, io.cucumber.testng.FeatureWrapper)[pri:0, instance:runner.loginrunner@b7f23d9]" started-at="2024-03-12T13:17:56 IST" name="runScenario" description="Runs Cucumber Scenarios" data-provider="scenarios" finished-at="2024-03-12T13:18:08 IST" duration-ms="11842" status="PASS">
          <params>
            <param index="0">
              <value>
                <![CDATA["validating login page"]]>
              </value>
            </param>
            <param index="1">
              <value>
                <![CDATA["Optional[login feature]"]]>
              </value>
            </param>
          </params>
          <reporter-output>
          </reporter-output>
        </test-method> <!-- runScenario -->
        <test-method is-config="true" signature="tearDownClass()[pri:0, instance:runner.loginrunner@b7f23d9]" started-at="2024-03-12T13:18:08 IST" name="tearDownClass" finished-at="2024-03-12T13:18:08 IST" duration-ms="14" status="PASS">
          <reporter-output>
          </reporter-output>
        </test-method> <!-- tearDownClass -->
      </class> <!-- runner.loginrunner -->
    </test> <!-- Surefire test -->
  </suite> <!-- Surefire suite -->
</testng-results>
